Using pre-set license
Built from '2020.2/release' branch; Version is '2020.2.1f1 (270dd8c3da1c) revision 2559448'; Using compiler version '192528614'; Build Type 'Release'
OS: 'Windows 10  (10.0.0) 64bit' Language: 'en' Physical Memory: 65454 MB
BatchMode: 1, IsHumanControllingUs: 0, StartBugReporterOnCrash: 0, Is64bit: 1, IsPro: 0

 COMMAND LINE ARGUMENTS:
E:\Unity\2020.2.1f1\Editor\Unity.exe
-adb2
-batchMode
-noUpm
-name
AssetImportWorker0
-projectPath
E:/Unity/Projects/GroupGameProjectGit/Assignment12-JosephTruelove/Assignment12
-logFile
Logs/AssetImportWorker0.log
-srvPort
49870
Successfully changed project path to: E:/Unity/Projects/GroupGameProjectGit/Assignment12-JosephTruelove/Assignment12
E:/Unity/Projects/GroupGameProjectGit/Assignment12-JosephTruelove/Assignment12
Using Asset Import Pipeline V2.
Refreshing native plugins compatible for Editor in 17.97 ms, found 0 plugins.
Preloading 0 native plugins for Editor in 0.00 ms.
Initialize engine version: 2020.2.1f1 (270dd8c3da1c)
[Subsystems] Discovering subsystems at path E:/Unity/2020.2.1f1/Editor/Data/Resources/UnitySubsystems
[Subsystems] Discovering subsystems at path E:/Unity/Projects/GroupGameProjectGit/Assignment12-JosephTruelove/Assignment12/Assets
GfxDevice: creating device client; threaded=0
Direct3D:
    Version:  Direct3D 11.0 [level 11.1]
    Renderer: NVIDIA GeForce RTX 2080 Ti (ID=0x1e07)
    Vendor:   
    VRAM:     11049 MB
    Driver:   27.21.14.6140
Initialize mono
Mono path[0] = 'E:/Unity/2020.2.1f1/Editor/Data/Managed'
Mono path[1] = 'E:/Unity/2020.2.1f1/Editor/Data/MonoBleedingEdge/lib/mono/unityjit'
Mono config path = 'E:/Unity/2020.2.1f1/Editor/Data/MonoBleedingEdge/etc'
Using monoOptions --debugger-agent=transport=dt_socket,embedding=1,server=y,suspend=n,address=127.0.0.1:56908
Begin MonoManager ReloadAssembly
Registering precompiled unity dll's ...
Register platform support module: E:/Unity/2020.2.1f1/Editor/Data/PlaybackEngines/WebGLSupport/UnityEditor.WebGL.Extensions.dll
Register platform support module: E:/Unity/2020.2.1f1/Editor/Data/PlaybackEngines/MacStandaloneSupport/UnityEditor.OSXStandalone.Extensions.dll
Register platform support module: E:/Unity/2020.2.1f1/Editor/Data/PlaybackEngines/WindowsStandaloneSupport/UnityEditor.WindowsStandalone.Extensions.dll
Register platform support module: E:/Unity/2020.2.1f1/Editor/Data/PlaybackEngines/LinuxStandaloneSupport/UnityEditor.LinuxStandalone.Extensions.dll
Registered in 0.001230 seconds.
Native extension for LinuxStandalone target not found
Native extension for WindowsStandalone target not found
Native extension for OSXStandalone target not found
Native extension for WebGL target not found
Refreshing native plugins compatible for Editor in 19.45 ms, found 0 plugins.
Preloading 0 native plugins for Editor in 0.00 ms.
Invoked RoslynAnalysisRunner static constructor.
RoslynAnalysisRunner will not be running.
RoslynAnalysisRunner has terminated.
Mono: successfully reloaded assembly
- Completed reload, in  1.767 seconds
Platform modules already initialized, skipping
Registering precompiled user dll's ...
Registered in 0.001486 seconds.
Begin MonoManager ReloadAssembly
Native extension for LinuxStandalone target not found
Native extension for WindowsStandalone target not found
Native extension for OSXStandalone target not found
Native extension for WebGL target not found
Refreshing native plugins compatible for Editor in 0.21 ms, found 0 plugins.
Preloading 0 native plugins for Editor in 0.00 ms.
Invoked RoslynAnalysisRunner static constructor.
RoslynAnalysisRunner will not be running.
RoslynAnalysisRunner has terminated.
Find all reader and writers took 80 milliseconds
Script Module: SimpleWebTransport.dll
Weave behaviours and messages took21 milliseconds
Find all reader and writers took 65 milliseconds
Script Module: UnityEngine.TestRunner.dll
Weave behaviours and messages took34 milliseconds
Find all reader and writers took 65 milliseconds
Script Module: UnityEngine.UI.dll
Weave behaviours and messages took85 milliseconds
Find all reader and writers took 64 milliseconds
Script Module: Mirror.Cloud.dll
Weave behaviours and messages took4 milliseconds
Find all reader and writers took 64 milliseconds
Script Module: Unity.Timeline.dll
Weave behaviours and messages took43 milliseconds
Find all reader and writers took 65 milliseconds
Script Module: Mirror.Components.dll
[NetworkAnimator] NetworkBehaviourProcessor
[NetworkRoomPlayer] NetworkBehaviourProcessor
[NetworkLobbyPlayer] NetworkBehaviourProcessor
[NetworkVisibility] NetworkBehaviourProcessor
[NetworkVisibility] Found NetworkBehaviour Mirror.NetworkVisibility
[NetworkVisibility] Process Start
[NetworkVisibility]   GenerateSerialization
[NetworkVisibility]   GenerateDeSerialization
[NetworkVisibility] Process Done
[NetworkMatchChecker] NetworkBehaviourProcessor
[NetworkVisibility] NetworkBehaviourProcessor
[NetworkOwnerChecker] NetworkBehaviourProcessor
[NetworkVisibility] NetworkBehaviourProcessor
[NetworkProximityChecker] NetworkBehaviourProcessor
[NetworkRoomPlayer] NetworkBehaviourProcessor
[NetworkVisibility] NetworkBehaviourProcessor
[NetworkSceneChecker] NetworkBehaviourProcessor
[NetworkTransformBase] NetworkBehaviourProcessor
[NetworkTransform] NetworkBehaviourProcessor
[NetworkTransformBase] NetworkBehaviourProcessor
[NetworkTransformBase] NetworkBehaviourProcessor
[NetworkTransformChild] NetworkBehaviourProcessor
[NetworkLerpRigidbody] NetworkBehaviourProcessor
[NetworkRigidbody] NetworkBehaviourProcessor
[NetworkRigidbody2D] NetworkBehaviourProcessor
[NetworkTransformBase] NetworkBehaviourProcessor
[NetworkTransform] NetworkBehaviourProcessor
[NetworkTransformBase] NetworkBehaviourProcessor
[NetworkTransformBase] NetworkBehaviourProcessor
[NetworkTransformChild] NetworkBehaviourProcessor
Weave behaviours and messages took30 milliseconds
  ProcessSitesModule Mirror.Components.dll elapsed time:00:00:00.0079359
Find all reader and writers took 80 milliseconds
Script Module: Unity.TextMeshPro.dll
Weave behaviours and messages took114 milliseconds
Find all reader and writers took 57 milliseconds
Script Module: kcp2k.dll
Weave behaviours and messages took5 milliseconds
Find all reader and writers took 61 milliseconds
Script Module: Telepathy.dll
Weave behaviours and messages took6 milliseconds
Find all reader and writers took 62 milliseconds
Script Module: Mirror.Authenticators.dll
Weave behaviours and messages took3 milliseconds
  ProcessSitesModule Mirror.Authenticators.dll elapsed time:00:00:00.0004961
Find all reader and writers took 96 milliseconds
Script Module: UnityEditor.TestRunner.dll
Weave behaviours and messages took55 milliseconds
Find all reader and writers took 90 milliseconds
Script Module: UnityEditor.UI.dll
Weave behaviours and messages took17 milliseconds
Find all reader and writers took 72 milliseconds
Script Module: Mirror.CompilerSymbols.dll
Weave behaviours and messages took0 milliseconds
[ScriptCompilation] NOT recompiling all scripts because this is an import worker process. Reason to compile was: Define symbols changed
Mono: successfully reloaded assembly
- Completed reload, in  3.489 seconds
Platform modules already initialized, skipping
========================================================================
Worker process is ready to serve import requests
Launched and connected shader compiler UnityShaderCompiler.exe after 0.02 seconds
Refreshing native plugins compatible for Editor in 0.19 ms, found 0 plugins.
Preloading 0 native plugins for Editor in 0.00 ms.
Unloading 1298 Unused Serialized files (Serialized files now loaded: 0)
System memory in use before: 62.3 MB.
System memory in use after: 62.4 MB.

Unloading 15 unused Assets to reduce memory usage. Loaded Objects now: 1732.
Total: 1.665400 ms (FindLiveObjects: 0.122200 ms CreateObjectMapping: 0.039000 ms MarkObjects: 1.459300 ms  DeleteObjects: 0.044000 ms)

========================================================================
Received Import Request.
  path: Assets
  artifactKey: Guid(00000000000000001000000000000000) Importer(815301076,1909f56bfc062723c751e8b465ee728b)
Start importing Assets using Guid(00000000000000001000000000000000) Importer(815301076,1909f56bfc062723c751e8b465ee728b)  -> (artifact id: 'e1a2c4dac9df7c17871e19a3b74f0e9f') in 0.006290 seconds
  Import took 0.007709 seconds .

========================================================================
Received Import Request.
  Time since last request: 0.000127 seconds.
  path: Assets/Mirror
  artifactKey: Guid(e16d5748edc27ee408ce8e72d6d2684c) Importer(815301076,1909f56bfc062723c751e8b465ee728b)
Start importing Assets/Mirror using Guid(e16d5748edc27ee408ce8e72d6d2684c) Importer(815301076,1909f56bfc062723c751e8b465ee728b)  -> (artifact id: '238d5a6cf8fb63aa3906cf4a39d95acb') in 0.003835 seconds
  Import took 0.005165 seconds .

========================================================================
Received Import Request.
  Time since last request: 3.766875 seconds.
  path: Assets/Scr.cs
  artifactKey: Guid(effc3c91749ca22458b75ce7b9e19e08) Importer(815301076,1909f56bfc062723c751e8b465ee728b)
Start importing Assets/Scr.cs using Guid(effc3c91749ca22458b75ce7b9e19e08) Importer(815301076,1909f56bfc062723c751e8b465ee728b)  -> (artifact id: '27557d660dcbcc387d8cffac156f352f') in 0.023030 seconds
  Import took 0.024501 seconds .

========================================================================
Received Prepare
Registering precompiled user dll's ...
Registered in 0.001327 seconds.
Begin MonoManager ReloadAssembly
Native extension for LinuxStandalone target not found
Native extension for WindowsStandalone target not found
Native extension for OSXStandalone target not found
Native extension for WebGL target not found
Refreshing native plugins compatible for Editor in 0.20 ms, found 0 plugins.
Preloading 0 native plugins for Editor in 0.00 ms.
Invoked RoslynAnalysisRunner static constructor.
RoslynAnalysisRunner will not be running.
RoslynAnalysisRunner has terminated.
[ScriptCompilation] NOT recompiling all scripts because this is an import worker process. Reason to compile was: Define symbols changed
Mono: successfully reloaded assembly
- Completed reload, in  0.597 seconds
Platform modules already initialized, skipping
Refreshing native plugins compatible for Editor in 0.18 ms, found 0 plugins.
Preloading 0 native plugins for Editor in 0.00 ms.
Unloading 1293 Unused Serialized files (Serialized files now loaded: 0)
System memory in use before: 62.3 MB.
System memory in use after: 62.4 MB.

Unloading 10 unused Assets to reduce memory usage. Loaded Objects now: 1734.
Total: 1.123600 ms (FindLiveObjects: 0.118800 ms CreateObjectMapping: 0.042700 ms MarkObjects: 0.927600 ms  DeleteObjects: 0.034000 ms)

========================================================================
Received Import Request.
  Time since last request: 14.471420 seconds.
  path: Assets/Scripts
  artifactKey: Guid(f14445192b3952f48b7418abfd37f2bb) Importer(815301076,1909f56bfc062723c751e8b465ee728b)
Start importing Assets/Scripts using Guid(f14445192b3952f48b7418abfd37f2bb) Importer(815301076,1909f56bfc062723c751e8b465ee728b)  -> (artifact id: 'd9a5c38cc6e93d48855d51c186546967') in 0.005694 seconds
  Import took 0.007165 seconds .

========================================================================
Received Import Request.
  Time since last request: 0.004054 seconds.
  path: Assets/Scripts
  artifactKey: Guid(f14445192b3952f48b7418abfd37f2bb) Importer(815301076,1909f56bfc062723c751e8b465ee728b)
Start importing Assets/Scripts using Guid(f14445192b3952f48b7418abfd37f2bb) Importer(815301076,1909f56bfc062723c751e8b465ee728b)  -> (artifact id: 'd9a5c38cc6e93d48855d51c186546967') in 0.001329 seconds
  Import took 0.002694 seconds .

========================================================================
Received Import Request.
  Time since last request: 20.933722 seconds.
  path: Assets/Prefabs
  artifactKey: Guid(1396a0a3e1b5d3b42b590c513abce834) Importer(815301076,1909f56bfc062723c751e8b465ee728b)
Start importing Assets/Prefabs using Guid(1396a0a3e1b5d3b42b590c513abce834) Importer(815301076,1909f56bfc062723c751e8b465ee728b)  -> (artifact id: '37daa618379a9d00bf8e073d8e5b681f') in 0.004600 seconds
  Import took 0.006273 seconds .

========================================================================
Received Import Request.
  Time since last request: 84.511597 seconds.
  path: Assets/Prefabs/Player.prefab
  artifactKey: Guid(cbe55c4a08613a44b9a576ab8144d310) Importer(815301076,1909f56bfc062723c751e8b465ee728b)
Start importing Assets/Prefabs/Player.prefab using Guid(cbe55c4a08613a44b9a576ab8144d310) Importer(815301076,1909f56bfc062723c751e8b465ee728b)  -> (artifact id: '18f801e01efd31f231eced67500cad51') in 0.108782 seconds
  Import took 0.110367 seconds .

========================================================================
Received Import Request.
  Time since last request: 24.974655 seconds.
  path: Assets/Materials
  artifactKey: Guid(c7d87f60a871a8c44b3dba3b801f42f4) Importer(815301076,1909f56bfc062723c751e8b465ee728b)
Start importing Assets/Materials using Guid(c7d87f60a871a8c44b3dba3b801f42f4) Importer(815301076,1909f56bfc062723c751e8b465ee728b)  -> (artifact id: '993c270f3d89086a089c5529dbafd97d') in 0.004309 seconds
  Import took 0.005854 seconds .

========================================================================
Received Import Request.
  Time since last request: 9.749018 seconds.
  path: Assets/Materials/Red.mat
  artifactKey: Guid(f81304ccd47183c4dafd8fac9d1220f7) Importer(815301076,1909f56bfc062723c751e8b465ee728b)
Start importing Assets/Materials/Red.mat using Guid(f81304ccd47183c4dafd8fac9d1220f7) Importer(815301076,1909f56bfc062723c751e8b465ee728b)  -> (artifact id: '91eefe1fa6827ef388c47ba5f987cb76') in 0.036567 seconds
  Import took 0.038145 seconds .

========================================================================
Received Import Request.
  Time since last request: 30.692727 seconds.
  path: ProjectSettings/TagManager.asset
  artifactKey: Guid(00000000000000003000000000000000) Importer(815301076,1909f56bfc062723c751e8b465ee728b)
Start importing ProjectSettings/TagManager.asset using Guid(00000000000000003000000000000000) Importer(815301076,1909f56bfc062723c751e8b465ee728b)  -> (artifact id: '8988b340c206bb1d98ca0d47b0266d3b') in 0.005319 seconds
  Import took 0.006853 seconds .

========================================================================
Received Import Request.
  Time since last request: 0.049959 seconds.
  path: ProjectSettings/TagManager.asset
  artifactKey: Guid(00000000000000003000000000000000) Importer(815301076,1909f56bfc062723c751e8b465ee728b)
Start importing ProjectSettings/TagManager.asset using Guid(00000000000000003000000000000000) Importer(815301076,1909f56bfc062723c751e8b465ee728b)  -> (artifact id: '8988b340c206bb1d98ca0d47b0266d3b') in 0.001798 seconds
  Import took 0.003332 seconds .

========================================================================
Received Import Request.
  Time since last request: 23.481849 seconds.
  path: Assets/Materials/Red.mat
  artifactKey: Guid(f81304ccd47183c4dafd8fac9d1220f7) Importer(815301076,1909f56bfc062723c751e8b465ee728b)
Start importing Assets/Materials/Red.mat using Guid(f81304ccd47183c4dafd8fac9d1220f7) Importer(815301076,1909f56bfc062723c751e8b465ee728b)  -> (artifact id: '8dd6cb2158d1f3a0f537cd762c2bfc13') in 0.012885 seconds
  Import took 0.014549 seconds .

========================================================================
Received Import Request.
  Time since last request: 9.072197 seconds.
  path: Assets/Prefabs/Enemy.prefab
  artifactKey: Guid(dc737ec0098089d44a03ab3ad0442116) Importer(815301076,1909f56bfc062723c751e8b465ee728b)
Start importing Assets/Prefabs/Enemy.prefab using Guid(dc737ec0098089d44a03ab3ad0442116) Importer(815301076,1909f56bfc062723c751e8b465ee728b)  -> (artifact id: '2d2e35c8e850cc4616ec8a5eb910f3dd') in 0.010913 seconds
  Import took 0.012547 seconds .

========================================================================
Received Import Request.
  Time since last request: 14.246003 seconds.
  path: Assets/Scenes
  artifactKey: Guid(58ea8764ae351f14fa56bd113c0e4113) Importer(815301076,1909f56bfc062723c751e8b465ee728b)
Start importing Assets/Scenes using Guid(58ea8764ae351f14fa56bd113c0e4113) Importer(815301076,1909f56bfc062723c751e8b465ee728b)  -> (artifact id: 'fac41c7c4997aec1e4cb2da1226c0fd9') in 0.004269 seconds
  Import took 0.005872 seconds .

========================================================================
Received Import Request.
  Time since last request: 6.089254 seconds.
  path: Assets/Scenes/second.unity
  artifactKey: Guid(3ecdfb5a7f1d132408321bb8fe18db7b) Importer(815301076,1909f56bfc062723c751e8b465ee728b)
Start importing Assets/Scenes/second.unity using Guid(3ecdfb5a7f1d132408321bb8fe18db7b) Importer(815301076,1909f56bfc062723c751e8b465ee728b)  -> (artifact id: '85b30857826bd4c8c65996fef8bd9b94') in 0.004469 seconds
  Import took 0.006024 seconds .

========================================================================
Received Import Request.
  Time since last request: 11.708249 seconds.
  path: Assets/Scenes/SampleScene.unity
  artifactKey: Guid(9fc0d4010bbf28b4594072e72b8655ab) Importer(815301076,1909f56bfc062723c751e8b465ee728b)
Start importing Assets/Scenes/SampleScene.unity using Guid(9fc0d4010bbf28b4594072e72b8655ab) Importer(815301076,1909f56bfc062723c751e8b465ee728b)  -> (artifact id: 'b0a2e740dd4dacd134513b57a67f871a') in 0.005105 seconds
  Import took 0.006727 seconds .

========================================================================
Received Import Request.
  Time since last request: 23.911028 seconds.
  path: Assets/Scenes/first.unity
  artifactKey: Guid(9fc0d4010bbf28b4594072e72b8655ab) Importer(815301076,1909f56bfc062723c751e8b465ee728b)
Start importing Assets/Scenes/first.unity using Guid(9fc0d4010bbf28b4594072e72b8655ab) Importer(815301076,1909f56bfc062723c751e8b465ee728b)  -> (artifact id: 'ec45eca78b7cc35b3eae0ed47f633c86') in 0.004432 seconds
  Import took 0.006118 seconds .

========================================================================
Received Import Request.
  Time since last request: 31.438954 seconds.
  path: Assets/Scenes/second.unity
  artifactKey: Guid(3ecdfb5a7f1d132408321bb8fe18db7b) Importer(815301076,1909f56bfc062723c751e8b465ee728b)
Start importing Assets/Scenes/second.unity using Guid(3ecdfb5a7f1d132408321bb8fe18db7b) Importer(815301076,1909f56bfc062723c751e8b465ee728b)  -> (artifact id: '91133d390cc2f233b571e4a7930ea59b') in 0.001654 seconds
  Import took 0.003249 seconds .

========================================================================
Received Import Request.
  Time since last request: 8.667319 seconds.
  path: Assets/Scenes/Game.unity
  artifactKey: Guid(3ecdfb5a7f1d132408321bb8fe18db7b) Importer(815301076,1909f56bfc062723c751e8b465ee728b)
Start importing Assets/Scenes/Game.unity using Guid(3ecdfb5a7f1d132408321bb8fe18db7b) Importer(815301076,1909f56bfc062723c751e8b465ee728b)  -> (artifact id: '721d5d43a6fada3792ebabc7cba666e2') in 0.004466 seconds
  Import took 0.006038 seconds .

========================================================================
Received Import Request.
  Time since last request: 0.569950 seconds.
  path: Assets/Scenes/first.unity
  artifactKey: Guid(9fc0d4010bbf28b4594072e72b8655ab) Importer(815301076,1909f56bfc062723c751e8b465ee728b)
Start importing Assets/Scenes/first.unity using Guid(9fc0d4010bbf28b4594072e72b8655ab) Importer(815301076,1909f56bfc062723c751e8b465ee728b)  -> (artifact id: '0584a209b0c5c2b4283953f25039ad41') in 0.001685 seconds
  Import took 0.003242 seconds .

========================================================================
Received Import Request.
  Time since last request: 6.140135 seconds.
  path: Assets/Scenes/Menu.unity
  artifactKey: Guid(9fc0d4010bbf28b4594072e72b8655ab) Importer(815301076,1909f56bfc062723c751e8b465ee728b)
Start importing Assets/Scenes/Menu.unity using Guid(9fc0d4010bbf28b4594072e72b8655ab) Importer(815301076,1909f56bfc062723c751e8b465ee728b)  -> (artifact id: '49318af494a2dfb4be1bcbb335159e13') in 0.004479 seconds
  Import took 0.006067 seconds .

========================================================================
Received Import Request.
  Time since last request: 253.014853 seconds.
  path: Assets/Scenes/Menu.unity
  artifactKey: Guid(9fc0d4010bbf28b4594072e72b8655ab) Importer(815301076,1909f56bfc062723c751e8b465ee728b)
Start importing Assets/Scenes/Menu.unity using Guid(9fc0d4010bbf28b4594072e72b8655ab) Importer(815301076,1909f56bfc062723c751e8b465ee728b)  -> (artifact id: '3913e75cb29139ce5bc48f7e15818791') in 0.001822 seconds
  Import took 0.003504 seconds .

========================================================================
Received Prepare
Registering precompiled user dll's ...
Registered in 0.001393 seconds.
Begin MonoManager ReloadAssembly
Native extension for LinuxStandalone target not found
Native extension for WindowsStandalone target not found
Native extension for OSXStandalone target not found
Native extension for WebGL target not found
Refreshing native plugins compatible for Editor in 0.22 ms, found 0 plugins.
Preloading 0 native plugins for Editor in 0.00 ms.
Invoked RoslynAnalysisRunner static constructor.
RoslynAnalysisRunner will not be running.
RoslynAnalysisRunner has terminated.
Mono: successfully reloaded assembly
- Completed reload, in  0.632 seconds
Platform modules already initialized, skipping
Refreshing native plugins compatible for Editor in 0.20 ms, found 0 plugins.
Preloading 0 native plugins for Editor in 0.00 ms.
Unloading 1293 Unused Serialized files (Serialized files now loaded: 0)
System memory in use before: 66.3 MB.
System memory in use after: 66.4 MB.

Unloading 13 unused Assets to reduce memory usage. Loaded Objects now: 1780.
Total: 1.265400 ms (FindLiveObjects: 0.138800 ms CreateObjectMapping: 0.068200 ms MarkObjects: 1.021000 ms  DeleteObjects: 0.036500 ms)

========================================================================
Received Prepare
Registering precompiled user dll's ...
Registered in 0.001389 seconds.
Begin MonoManager ReloadAssembly
Native extension for LinuxStandalone target not found
Native extension for WindowsStandalone target not found
Native extension for OSXStandalone target not found
Native extension for WebGL target not found
Refreshing native plugins compatible for Editor in 0.20 ms, found 0 plugins.
Preloading 0 native plugins for Editor in 0.00 ms.
Invoked RoslynAnalysisRunner static constructor.
RoslynAnalysisRunner will not be running.
RoslynAnalysisRunner has terminated.
Mono: successfully reloaded assembly
- Completed reload, in  0.616 seconds
Platform modules already initialized, skipping
Refreshing native plugins compatible for Editor in 0.20 ms, found 0 plugins.
Preloading 0 native plugins for Editor in 0.00 ms.
Unloading 1295 Unused Serialized files (Serialized files now loaded: 0)
System memory in use before: 66.4 MB.
System memory in use after: 66.5 MB.

Unloading 10 unused Assets to reduce memory usage. Loaded Objects now: 1784.
Total: 1.203400 ms (FindLiveObjects: 0.138100 ms CreateObjectMapping: 0.040900 ms MarkObjects: 0.988000 ms  DeleteObjects: 0.035200 ms)

AssetImportWorkerClient::OnTransportError - code=2 error=End of file
